--- Startup times for process: Primary (or UI client) ---

times in msec
 clock   self+sourced   self:  sourced script
 clock   elapsed:              other lines

000.005  000.005: --- NVIM STARTING ---
000.045  000.041: event init
000.134  000.088: early init
017.680  017.547: locale set
017.727  000.047: init first window
018.638  000.911: inits 1
019.060  000.423: window checked
019.067  000.006: parsing arguments
020.633  000.354  000.354: require('vim.shared')
021.233  000.158  000.158: require('vim.inspect')
021.488  000.246  000.246: require('vim._options')
021.492  000.854  000.450: require('vim._editor')
021.495  001.312  000.104: require('vim._init_packages')
021.515  001.137: init lua interpreter
040.357  018.842: nvim_ui_attach
040.592  000.235: nvim_set_client_info
040.597  000.005: --- NVIM STARTED ---

--- Startup times for process: Embedded ---

times in msec
 clock   self+sourced   self:  sourced script
 clock   elapsed:              other lines

000.005  000.005: --- NVIM STARTING ---
000.035  000.030: event init
000.119  000.084: early init
018.477  018.358: locale set
018.525  000.049: init first window
019.341  000.816: inits 1
019.557  000.216: window checked
019.566  000.009: parsing arguments
021.043  000.353  000.353: require('vim.shared')
021.649  000.164  000.164: require('vim.inspect')
021.894  000.226  000.226: require('vim._options')
021.898  000.848  000.459: require('vim._editor')
021.900  001.301  000.100: require('vim._init_packages')
021.922  001.055: init lua interpreter
022.401  000.479: expanding arguments
022.422  000.022: inits 2
022.712  000.290: init highlight
022.714  000.002: waiting for UI
022.878  000.164: done waiting for UI
022.885  000.007: clear screen
023.368  000.034  000.034: require('vim.keymap')
023.914  000.135  000.135: sourcing nvim_exec2()
025.430  001.097  001.097: require('vim.termcap')
025.544  000.093  000.093: require('vim.text')
026.781  003.888  002.529: require('vim._defaults')
026.786  000.013: init default mappings & autocommands
027.102  000.092  000.092: sourcing C:\tools\neovim\nvim-win64\share\nvim\runtime\ftplugin.vim
027.374  000.066  000.066: sourcing C:\tools\neovim\nvim-win64\share\nvim\runtime\indent.vim
028.685  000.858  000.858: require('lazy')
028.722  000.017  000.017: require('ffi')
029.572  000.616  000.616: require('vim.fs')
030.191  000.603  000.603: require('vim.uri')
030.214  001.488  000.269: require('vim.loader')
030.852  000.584  000.584: require('lazy.stats')
031.354  000.272  000.272: require('lazy.core.util')
031.615  000.255  000.255: require('lazy.core.config')
032.092  000.224  000.224: require('lazy.core.handler')
032.882  000.353  000.353: require('lazy.pkg')
032.892  000.575  000.222: require('lazy.core.meta')
032.899  000.801  000.227: require('lazy.core.plugin')
032.906  001.285  000.261: require('lazy.core.loader')
033.621  000.364  000.364: require('lazy.core.fragments')
039.868  000.265  000.265: require('lazy.core.handler.keys')
040.098  000.222  000.222: require('lazy.core.handler.event')
040.356  000.252  000.252: require('lazy.core.handler.cmd')
040.575  000.211  000.211: require('lazy.core.handler.ft')
040.681  000.005  000.005: sourcing nvim_exec2() called at C:\Users\jodietrich\AppData\Local\nvim\init.lua:0
040.739  000.003  000.003: sourcing nvim_exec2() called at C:\Users\jodietrich\AppData\Local\nvim\init.lua:0
041.766  000.409  000.409: sourcing nvim_exec2() called at C:\tools\neovim\nvim-win64\share/nvim/runtime/filetype.lua:0
041.773  000.646  000.237: sourcing C:\tools\neovim\nvim-win64\share/nvim/runtime/filetype.lua
041.797  000.862  000.216: sourcing nvim_exec2() called at C:\Users\jodietrich\AppData\Local\nvim\init.lua:0
041.934  000.004  000.004: sourcing nvim_exec2() called at C:\Users\jodietrich\AppData\Local\nvim\init.lua:0
041.975  000.002  000.002: sourcing nvim_exec2() called at C:\Users\jodietrich\AppData\Local\nvim\init.lua:0
042.353  000.004  000.004: sourcing nvim_exec2() called at C:\Users\jodietrich\AppData\Local\nvim\init.lua:0
042.380  000.002  000.002: sourcing nvim_exec2() called at C:\Users\jodietrich\AppData\Local\nvim\init.lua:0
043.290  000.063  000.063: sourcing C:/Users/jodietrich/AppData/Local/nvim-data/lazy/plenary.nvim/plugin/plenary.vim
043.313  000.229  000.165: sourcing nvim_exec2() called at C:\Users\jodietrich\AppData\Local\nvim\init.lua:0
043.323  000.002  000.002: sourcing nvim_exec2() called at C:\Users\jodietrich\AppData\Local\nvim\init.lua:0
043.366  000.002  000.002: sourcing nvim_exec2() called at C:\Users\jodietrich\AppData\Local\nvim\init.lua:0
043.609  000.055  000.055: sourcing C:/Users/jodietrich/AppData/Local/nvim-data/lazy/todo-comments.nvim/plugin/todo.vim
043.630  000.204  000.150: sourcing nvim_exec2() called at C:\Users\jodietrich\AppData\Local\nvim\init.lua:0
043.640  000.002  000.002: sourcing nvim_exec2() called at C:\Users\jodietrich\AppData\Local\nvim\init.lua:0
043.690  000.002  000.002: sourcing nvim_exec2() called at C:\Users\jodietrich\AppData\Local\nvim\init.lua:0
045.098  000.191  000.191: require('todo-comments.util')
045.107  000.442  000.251: require('todo-comments.config')
045.515  000.223  000.223: require('todo-comments.highlight')
045.521  000.412  000.188: require('todo-comments.jump')
045.528  001.731  000.877: require('todo-comments')
046.131  000.004  000.004: sourcing nvim_exec2() called at C:\Users\jodietrich\AppData\Local\nvim\init.lua:0
046.162  000.002  000.002: sourcing nvim_exec2() called at C:\Users\jodietrich\AppData\Local\nvim\init.lua:0
047.827  000.251  000.251: require('mason-core.path')
049.040  000.299  000.299: require('mason-core.functional.data')
049.272  000.224  000.224: require('mason-core.functional.function')
049.536  000.255  000.255: require('mason-core.functional.list')
049.836  000.270  000.270: require('mason-core.functional.relation')
050.070  000.227  000.227: require('mason-core.functional.logic')
050.360  000.283  000.283: require('mason-core.functional.number')
050.617  000.245  000.245: require('mason-core.functional.string')
050.858  000.234  000.234: require('mason-core.functional.table')
051.120  000.255  000.255: require('mason-core.functional.type')
051.127  002.890  000.598: require('mason-core.functional')
051.254  003.421  000.531: require('mason-core.platform')
051.535  000.277  000.277: require('mason.settings')
051.544  004.302  000.354: require('mason-core.installer.InstallLocation')
052.452  000.373  000.373: require('mason-core.log')
052.458  000.627  000.254: require('mason-core.EventEmitter')
052.775  000.314  000.314: require('mason-registry.sources')
052.789  001.242  000.301: require('mason-registry')
052.792  006.523  000.979: require('mason')
053.363  000.430  000.430: require('mason.api.command')
054.733  000.302  000.302: require('vim.lsp.log')
055.245  000.505  000.505: require('vim.lsp.protocol')
055.623  000.370  000.370: require('vim.lsp.util')
056.066  000.207  000.207: require('vim.lsp.sync')
056.074  000.445  000.238: require('vim.lsp._changetracking')
056.539  000.230  000.230: require('vim.lsp._transport')
056.572  000.495  000.265: require('vim.lsp.rpc')
056.612  002.607  000.489: require('vim.lsp')
057.507  000.892  000.892: require('lspconfig.util')
057.529  003.809  000.310: sourcing C:/Users/jodietrich/AppData/Local/nvim-data/lazy/nvim-lspconfig/plugin/lspconfig.lua
057.560  003.998  000.190: sourcing nvim_exec2() called at C:\Users\jodietrich\AppData\Local\nvim\init.lua:0
057.571  000.004  000.004: sourcing nvim_exec2() called at C:\Users\jodietrich\AppData\Local\nvim\init.lua:0
057.653  000.002  000.002: sourcing nvim_exec2() called at C:\Users\jodietrich\AppData\Local\nvim\init.lua:0
057.686  000.002  000.002: sourcing nvim_exec2() called at C:\Users\jodietrich\AppData\Local\nvim\init.lua:0
057.709  000.001  000.001: sourcing nvim_exec2() called at C:\Users\jodietrich\AppData\Local\nvim\init.lua:0
058.108  000.189  000.189: require('mason-lspconfig.settings')
058.115  000.398  000.209: require('mason-lspconfig')
058.335  000.213  000.213: require('mason-core.async')
058.769  000.225  000.225: require('mason-core.async.control')
058.975  000.200  000.200: require('mason-core.result')
059.437  000.198  000.198: require('mason-core.async.uv')
059.446  000.466  000.267: require('mason-core.fs')
059.475  001.134  000.244: require('mason-registry.installer')
060.226  000.223  000.223: require('mason-core.optional')
060.929  000.276  000.276: require('mason-core.process')
061.164  000.230  000.230: require('mason-core.spawn')
061.172  000.733  000.227: require('mason-core.installer.managers.powershell')
061.376  000.201  000.201: require('mason.version')
061.382  001.150  000.216: require('mason-core.fetch')
061.597  000.212  000.212: require('mason-core.providers')
062.956  000.649  000.649: require('mason-core.purl')
062.977  000.922  000.273: require('mason-core.package.AbstractPackage')
064.714  000.510  000.510: require('mason-core.installer.compiler.expr')
064.731  001.007  000.497: require('mason-core.installer.compiler.link')
066.350  000.324  000.324: require('mason-core.installer.context.InstallContextCwd')
066.561  000.204  000.204: require('mason-core.installer.context.InstallContextFs')
066.768  000.201  000.201: require('mason-core.installer.context.InstallContextSpawn')
066.972  000.198  000.198: require('mason-core.receipt')
067.019  001.297  000.370: require('mason-core.installer.context')
067.023  001.611  000.314: require('mason-core.installer')
067.033  001.935  000.324: require('mason-core.installer.managers.std')
067.036  002.205  000.270: require('mason-core.installer.compiler.schemas')
067.257  000.219  000.219: require('mason-core.installer.compiler.util')
067.267  003.821  000.390: require('mason-core.installer.compiler')
067.491  000.221  000.221: require('mason-core.installer.linker')
067.498  004.516  000.474: require('mason-core.installer.InstallRunner')
067.699  000.199  000.199: require('mason-core.installer.UninstallRunner')
067.707  005.894  000.257: require('mason-core.package')
067.710  006.108  000.214: require('mason-registry.sources.util')
067.717  007.941  000.248: require('mason-registry.sources.github')
070.190  000.027  000.027: require('vim.F')
070.634  000.209  000.209: require('mason-lspconfig.mappings')
070.640  000.444  000.234: require('mason-lspconfig.features.automatic_enable')
077.290  000.236  000.236: require('mason-lspconfig.notify')
077.335  000.534  000.298: require('mason-lspconfig.api.command')
077.942  000.291  000.291: sourcing C:/Users/jodietrich/AppData/Local/nvim-data/lazy/nvim-dap/plugin/dap.lua
077.969  000.474  000.183: sourcing nvim_exec2() called at C:\Users\jodietrich\AppData\Local\nvim\init.lua:0
077.980  000.003  000.003: sourcing nvim_exec2() called at C:\Users\jodietrich\AppData\Local\nvim\init.lua:0
078.028  000.002  000.002: sourcing nvim_exec2() called at C:\Users\jodietrich\AppData\Local\nvim\init.lua:0
079.781  000.759  000.759: require('dap.utils')
079.831  001.798  001.040: require('dap')
080.568  000.005  000.005: sourcing nvim_exec2() called at C:\Users\jodietrich\AppData\Local\nvim\init.lua:0
080.606  000.002  000.002: sourcing nvim_exec2() called at C:\Users\jodietrich\AppData\Local\nvim\init.lua:0
081.901  001.271  001.271: require('mini.icons')
082.039  000.004  000.004: sourcing nvim_exec2() called at C:\Users\jodietrich\AppData\Local\nvim\init.lua:0
082.074  000.002  000.002: sourcing nvim_exec2() called at C:\Users\jodietrich\AppData\Local\nvim\init.lua:0
082.481  000.363  000.363: require('oil')
082.708  000.222  000.222: require('oil.ringbuf')
082.954  000.241  000.241: require('oil.config')
084.437  001.350  001.350: require('vim.filetype')
085.278  000.256  000.256: require('oil.log')
085.375  000.651  000.395: require('oil.fs')
085.904  000.230  000.230: require('oil.constants')
085.920  000.541  000.311: require('oil.util')
086.569  000.005  000.005: sourcing nvim_exec2() called at C:\Users\jodietrich\AppData\Local\nvim\init.lua:0
086.600  000.002  000.002: sourcing nvim_exec2() called at C:\Users\jodietrich\AppData\Local\nvim\init.lua:0
087.837  000.722  000.722: require('blink.cmp')
088.367  000.265  000.265: require('blink.cmp.lib.async')
088.817  000.199  000.199: require('blink.cmp.config.utils')
089.020  000.197  000.197: require('blink.cmp.config.keymap')
089.424  000.188  000.188: require('blink.cmp.config.completion.keyword')
089.626  000.197  000.197: require('blink.cmp.config.completion.trigger')
089.820  000.189  000.189: require('blink.cmp.config.completion.list')
090.023  000.198  000.198: require('blink.cmp.config.completion.accept')
090.269  000.240  000.240: require('blink.cmp.config.completion.menu')
090.476  000.202  000.202: require('blink.cmp.config.completion.documentation')
090.669  000.187  000.187: require('blink.cmp.config.completion.ghost_text')
090.674  001.649  000.248: require('blink.cmp.config.completion')
090.879  000.203  000.203: require('blink.cmp.config.fuzzy')
091.080  000.196  000.196: require('blink.cmp.config.sources')
091.285  000.200  000.200: require('blink.cmp.config.signature')
091.483  000.192  000.192: require('blink.cmp.config.snippets')
091.676  000.188  000.188: require('blink.cmp.config.appearance')
091.866  000.186  000.186: require('blink.cmp.config.modes.cmdline')
092.053  000.182  000.182: require('blink.cmp.config.modes.term')
092.059  003.687  000.295: require('blink.cmp.config')
092.265  000.203  000.203: require('blink.cmp.lib.utils')
092.457  000.187  000.187: require('blink.cmp.lib.event_emitter')
092.466  004.623  000.281: require('blink.cmp.sources.lib')
092.484  005.572  000.227: sourcing C:/Users/jodietrich/AppData/Local/nvim-data/lazy/blink.cmp/plugin/blink-cmp.lua
092.507  005.760  000.188: sourcing nvim_exec2() called at C:\Users\jodietrich\AppData\Local\nvim\init.lua:0
092.517  000.003  000.003: sourcing nvim_exec2() called at C:\Users\jodietrich\AppData\Local\nvim\init.lua:0
092.562  000.002  000.002: sourcing nvim_exec2() called at C:\Users\jodietrich\AppData\Local\nvim\init.lua:0
092.868  000.236  000.236: require('blink-cmp')
093.921  000.259  000.259: require('blink.cmp.config.modes.types')
095.025  000.226  000.226: require('blink.cmp.fuzzy.download.system')
095.078  000.506  000.281: require('blink.cmp.fuzzy.download.files')
095.082  000.744  000.238: require('blink.cmp.fuzzy.download.git')
095.086  001.012  000.268: require('blink.cmp.fuzzy.download')
095.714  000.303  000.303: sourcing C:/Users/jodietrich/AppData/Local/nvim-data/lazy/vim-surround/plugin/surround.vim
095.742  000.482  000.180: sourcing nvim_exec2() called at C:\Users\jodietrich\AppData\Local\nvim\init.lua:0
095.754  000.002  000.002: sourcing nvim_exec2() called at C:\Users\jodietrich\AppData\Local\nvim\init.lua:0
095.958  000.011  000.011: sourcing nvim_exec2() called at C:\Users\jodietrich\AppData\Local\nvim\init.lua:0
097.258  000.008  000.008: sourcing nvim_exec2() called at C:\Users\jodietrich\AppData\Local\nvim\init.lua:0
097.322  000.004  000.004: sourcing nvim_exec2() called at C:\Users\jodietrich\AppData\Local\nvim\init.lua:0
098.617  000.254  000.254: require('oil-git-status.system')
098.653  001.321  001.068: require('oil-git-status')
100.503  000.306  000.306: require('nvim-treesitter.utils')
102.609  000.296  000.296: require('vim.treesitter.language')
102.894  000.278  000.278: require('vim.func')
103.162  000.251  000.251: require('vim.func._memoize')
103.193  001.208  000.382: require('vim.treesitter.query')
103.420  000.224  000.224: require('vim.treesitter._range')
103.467  001.834  000.402: require('vim.treesitter.languagetree')
103.476  002.189  000.355: require('vim.treesitter')
104.238  003.729  001.540: require('nvim-treesitter.parsers')
105.338  000.249  000.249: require('nvim-treesitter.compat')
105.823  000.262  000.262: require('nvim-treesitter.ts_utils')
105.833  000.490  000.228: require('nvim-treesitter.tsrange')
106.054  000.218  000.218: require('nvim-treesitter.caching')
106.067  001.245  000.289: require('nvim-treesitter.query')
106.082  001.541  000.296: require('nvim-treesitter.configs')
106.086  001.844  000.302: require('nvim-treesitter.info')
106.332  000.244  000.244: require('nvim-treesitter.shell_command_selectors')
106.362  006.430  000.307: require('nvim-treesitter.install')
106.582  000.217  000.217: require('nvim-treesitter.statusline')
106.831  000.245  000.245: require('nvim-treesitter.query_predicates')
106.838  007.631  000.740: require('nvim-treesitter')
107.107  000.262  000.262: require('vim.iter')
107.669  008.658  000.765: sourcing C:/Users/jodietrich/AppData/Local/nvim-data/lazy/nvim-treesitter/plugin/nvim-treesitter.lua
107.708  008.870  000.212: sourcing nvim_exec2() called at C:\Users\jodietrich\AppData\Local\nvim\init.lua:0
107.719  000.003  000.003: sourcing nvim_exec2() called at C:\Users\jodietrich\AppData\Local\nvim\init.lua:0
107.775  000.002  000.002: sourcing nvim_exec2() called at C:\Users\jodietrich\AppData\Local\nvim\init.lua:0
110.732  000.362  000.362: require('nvim-treesitter.indent')
111.043  000.273  000.273: require('nvim-treesitter.highlight')
111.248  000.005  000.005: sourcing nvim_exec2() called at C:\Users\jodietrich\AppData\Local\nvim\init.lua:0
111.382  000.003  000.003: sourcing nvim_exec2() called at C:\Users\jodietrich\AppData\Local\nvim\init.lua:0
112.028  000.004  000.004: sourcing nvim_exec2() called at C:\Users\jodietrich\AppData\Local\nvim\init.lua:0
112.061  000.002  000.002: sourcing nvim_exec2() called at C:\Users\jodietrich\AppData\Local\nvim\init.lua:0
114.939  000.468  000.468: require('auto-session.config')
114.950  001.159  000.692: require('auto-session.logger')
114.975  001.990  000.831: require('auto-session.lib')
114.993  002.892  000.901: require('auto-session')
115.776  000.281  000.281: require('auto-session.autocmds')
116.075  000.235  000.235: require('auto-session.pickers.telescope')
116.228  000.006  000.006: sourcing nvim_exec2() called at C:\Users\jodietrich\AppData\Local\nvim\init.lua:0
116.258  000.002  000.002: sourcing nvim_exec2() called at C:\Users\jodietrich\AppData\Local\nvim\init.lua:0
117.575  000.209  000.209: require('typescript-tools.config')
117.926  000.345  000.345: require('typescript-tools.protocol.constants')
117.936  000.816  000.262: require('typescript-tools.utils')
119.246  000.235  000.235: require('plenary.bit')
119.452  000.199  000.199: require('plenary.functional')
119.468  000.721  000.287: require('plenary.path')
119.920  000.203  000.203: require('plenary.compat')
119.929  000.459  000.256: require('plenary.job')
120.034  001.501  000.321: require('typescript-tools.tsserver_provider')
120.305  000.267  000.267: require('typescript-tools.process')
120.542  000.231  000.231: require('typescript-tools.request_queue')
120.740  000.193  000.193: require('typescript-tools.protocol.progress')
120.934  000.189  000.189: require('typescript-tools.protocol.module_mapper')
121.128  000.188  000.188: require('typescript-tools.protocol.pending_diagnostic')
122.302  000.185  000.185: require('plenary.tbl')
122.310  000.371  000.186: require('plenary.vararg.rotate')
122.312  000.569  000.198: require('plenary.vararg')
122.527  000.213  000.213: require('plenary.errors')
122.534  000.998  000.216: require('plenary.async.async')
123.281  000.187  000.187: require('plenary.async.structs')
123.290  000.379  000.192: require('plenary.async.control')
123.295  000.570  000.191: require('plenary.async.util')
123.302  000.765  000.195: require('plenary.async.tests')
123.305  001.967  000.205: require('plenary.async')
123.562  000.254  000.254: require('plenary.async.uv_async')
123.988  000.219  000.219: require('vim.ui')
123.996  000.427  000.208: require('typescript-tools.async')
124.002  002.870  000.221: require('typescript-tools.api')
124.210  000.204  000.204: require('typescript-tools.protocol.utils')
124.216  005.924  000.282: require('typescript-tools.tsserver')
124.825  000.180  000.180: require('typescript-tools.autocommands.common')
124.834  000.388  000.207: require('typescript-tools.autocommands.diagnostics')
125.017  000.181  000.181: require('typescript-tools.autocommands.code_lens')
125.207  000.184  000.184: require('typescript-tools.autocommands.jsx_close_tag')
125.212  000.993  000.241: require('typescript-tools.autocommands')
125.415  000.200  000.200: require('typescript-tools.custom_handlers')
125.627  000.206  000.206: require('typescript-tools.request_router')
125.991  000.179  000.179: require('typescript-tools.integrations')
125.998  000.366  000.188: require('typescript-tools.internal_commands')
126.001  008.062  000.372: require('typescript-tools.rpc')
126.004  009.685  000.807: require('typescript-tools')
126.222  000.215  000.215: require('vim.version')
128.871  000.102  000.102: sourcing C:/Users/jodietrich/AppData/Local/nvim-data/lazy/vim-swap/plugin/swap.vim
128.895  000.284  000.181: sourcing nvim_exec2() called at C:\Users\jodietrich\AppData\Local\nvim\init.lua:0
128.906  000.002  000.002: sourcing nvim_exec2() called at C:\Users\jodietrich\AppData\Local\nvim\init.lua:0
128.953  000.002  000.002: sourcing nvim_exec2() called at C:\Users\jodietrich\AppData\Local\nvim\init.lua:0
130.379  000.057  000.057: sourcing C:/Users/jodietrich/AppData/Local/nvim-data/lazy/nvim-web-devicons/plugin/nvim-web-devicons.vim
130.403  000.221  000.164: sourcing nvim_exec2() called at C:\Users\jodietrich\AppData\Local\nvim\init.lua:0
130.448  000.036  000.036: sourcing nvim_exec2() called at C:\Users\jodietrich\AppData\Local\nvim\init.lua:0
130.497  000.002  000.002: sourcing nvim_exec2() called at C:\Users\jodietrich\AppData\Local\nvim\init.lua:0
131.156  000.225  000.225: sourcing C:/Users/jodietrich/AppData/Local/nvim-data/lazy/fzf-lua/plugin/fzf-lua.lua
131.182  000.514  000.289: sourcing nvim_exec2() called at C:\Users\jodietrich\AppData\Local\nvim\init.lua:0
131.193  000.003  000.003: sourcing nvim_exec2() called at C:\Users\jodietrich\AppData\Local\nvim\init.lua:0
131.238  000.002  000.002: sourcing nvim_exec2() called at C:\Users\jodietrich\AppData\Local\nvim\init.lua:0
132.681  000.306  000.306: require('fzf-lua.utils')
133.142  000.225  000.225: require('fzf-lua.lib.base64')
133.399  000.251  000.251: require('fzf-lua.lib.serpent')
133.407  000.720  000.244: require('fzf-lua.libuv')
133.414  001.271  000.244: require('fzf-lua.path')
133.988  000.301  000.301: require('fzf-lua.actions')
134.420  000.184  000.184: require('fzf-lua.class')
134.461  000.468  000.284: require('fzf-lua.devicons')
135.040  000.238  000.238: require('fzf-lua.previewer')
135.326  000.860  000.622: require('fzf-lua.defaults')
135.336  001.920  000.290: require('fzf-lua.config')
135.631  000.049  000.049: sourcing C:/Users/jodietrich/AppData/Local/nvim-data/lazy/fzf-lua/autoload/fzf_lua.vim
135.653  000.257  000.208: sourcing nvim_exec2() called at C:\Users\jodietrich\AppData\Local\nvim\init.lua:0
136.630  000.384  000.384: require('fzf-lua.win')
137.183  000.225  000.225: require('fzf-lua.fzf')
137.422  000.234  000.234: require('fzf-lua.shell')
137.435  000.798  000.340: require('fzf-lua.core')
137.709  000.271  000.271: require('fzf-lua.make_entry')
137.721  006.475  001.574: require('fzf-lua')
138.872  000.201  000.201: sourcing C:\tools\neovim\nvim-win64\share/nvim/runtime/plugin/editorconfig.lua
138.896  000.400  000.199: sourcing nvim_exec2() called at C:\Users\jodietrich\AppData\Local\nvim\init.lua:0
139.200  000.139  000.139: sourcing C:\tools\neovim\nvim-win64\share/nvim/runtime/plugin/gzip.vim
139.221  000.316  000.177: sourcing nvim_exec2() called at C:\Users\jodietrich\AppData\Local\nvim\init.lua:0
139.586  000.202  000.202: sourcing C:\tools\neovim\nvim-win64\share/nvim/runtime/plugin/man.lua
139.610  000.377  000.175: sourcing nvim_exec2() called at C:\Users\jodietrich\AppData\Local\nvim\init.lua:0
141.625  000.200  000.200: sourcing C:\tools\neovim\nvim-win64\share\nvim\runtime\pack\dist\opt\matchit\plugin\matchit.vim
141.689  001.921  001.721: sourcing C:\tools\neovim\nvim-win64\share/nvim/runtime/plugin/matchit.vim
141.705  002.087  000.166: sourcing nvim_exec2() called at C:\Users\jodietrich\AppData\Local\nvim\init.lua:0
142.005  000.145  000.145: sourcing C:\tools\neovim\nvim-win64\share/nvim/runtime/plugin/matchparen.vim
142.026  000.311  000.166: sourcing nvim_exec2() called at C:\Users\jodietrich\AppData\Local\nvim\init.lua:0
142.226  000.034  000.034: sourcing C:\tools\neovim\nvim-win64\share/nvim/runtime/plugin/netrwPlugin.vim
142.246  000.209  000.175: sourcing nvim_exec2() called at C:\Users\jodietrich\AppData\Local\nvim\init.lua:0
142.640  000.222  000.222: sourcing C:\tools\neovim\nvim-win64\share/nvim/runtime/plugin/osc52.lua
142.664  000.409  000.186: sourcing nvim_exec2() called at C:\Users\jodietrich\AppData\Local\nvim\init.lua:0
143.090  000.272  000.272: sourcing C:\tools\neovim\nvim-win64\share/nvim/runtime/plugin/rplugin.vim
143.112  000.440  000.168: sourcing nvim_exec2() called at C:\Users\jodietrich\AppData\Local\nvim\init.lua:0
143.337  000.070  000.070: sourcing C:\tools\neovim\nvim-win64\share/nvim/runtime/plugin/shada.vim
143.357  000.235  000.165: sourcing nvim_exec2() called at C:\Users\jodietrich\AppData\Local\nvim\init.lua:0
143.563  000.043  000.043: sourcing C:\tools\neovim\nvim-win64\share/nvim/runtime/plugin/spellfile.vim
143.583  000.217  000.174: sourcing nvim_exec2() called at C:\Users\jodietrich\AppData\Local\nvim\init.lua:0
143.890  000.097  000.097: sourcing C:\tools\neovim\nvim-win64\share/nvim/runtime/plugin/tarPlugin.vim
143.910  000.269  000.173: sourcing nvim_exec2() called at C:\Users\jodietrich\AppData\Local\nvim\init.lua:0
144.274  000.196  000.196: sourcing C:\tools\neovim\nvim-win64\share/nvim/runtime/plugin/tohtml.lua
144.296  000.377  000.181: sourcing nvim_exec2() called at C:\Users\jodietrich\AppData\Local\nvim\init.lua:0
144.513  000.047  000.047: sourcing C:\tools\neovim\nvim-win64\share/nvim/runtime/plugin/tutor.vim
144.533  000.227  000.180: sourcing nvim_exec2() called at C:\Users\jodietrich\AppData\Local\nvim\init.lua:0
144.817  000.122  000.122: sourcing C:\tools\neovim\nvim-win64\share/nvim/runtime/plugin/zipPlugin.vim
144.837  000.295  000.173: sourcing nvim_exec2() called at C:\Users\jodietrich\AppData\Local\nvim\init.lua:0
147.055  000.214  000.214: sourcing C:/Users/jodietrich/AppData/Local/nvim-data/lazy/which-key.nvim/plugin/which-key.lua
147.082  000.410  000.197: sourcing nvim_exec2() called at C:\Users\jodietrich\AppData\Local\nvim\init.lua:0
147.128  000.036  000.036: sourcing nvim_exec2() called at C:\Users\jodietrich\AppData\Local\nvim\init.lua:0
147.191  000.005  000.005: sourcing nvim_exec2() called at C:\Users\jodietrich\AppData\Local\nvim\init.lua:0
148.127  000.855  000.855: require('which-key')
148.399  000.266  000.266: require('which-key.config')
148.430  002.912  001.341: require('which-key')
148.733  000.290  000.290: require('vim.lsp.buf')
148.741  003.431  000.229: require('config.keymaps')
149.221  000.057  000.057: sourcing C:\Users\jodietrich\AppData\Local\nvim-data\lazy\nvim-treesitter\autoload\nvim_treesitter.vim
149.505  000.239  000.239: require('nvim-treesitter.fold')
149.544  004.450  000.723: require('config')
152.694  000.273  000.273: require('vscode.config')
153.159  000.458  000.458: require('vscode.theme')
153.390  000.225  000.225: require('vscode.utils')
153.395  001.195  000.239: require('vscode')
153.592  000.192  000.192: sourcing nvim_exec2() called at C:\Users\jodietrich\AppData\Local\nvim-data\lazy\vscode.nvim\colors\vscode.lua:0
153.761  000.162  000.162: sourcing nvim_exec2() called at C:\Users\jodietrich\AppData\Local\nvim-data\lazy\vscode.nvim\colors\vscode.lua:0
154.017  000.248  000.248: require('vscode.colors')
154.710  002.703  000.906: sourcing C:\Users\jodietrich\AppData\Local\nvim-data\lazy\vscode.nvim\colors\vscode.lua
154.807  005.258  002.556: sourcing nvim_exec2() called at C:\Users\jodietrich\AppData\Local\nvim\init.lua:0
154.812  127.182  034.104: sourcing C:\Users\jodietrich\AppData\Local\nvim\init.lua
154.852  000.726: sourcing vimrc file(s)
155.561  000.189  000.189: sourcing C:\tools\neovim\nvim-win64\share\nvim\runtime\filetype.lua
156.528  000.088  000.088: sourcing C:\tools\neovim\nvim-win64\share\nvim\runtime\syntax\synload.vim
156.641  000.641  000.552: sourcing C:\tools\neovim\nvim-win64\share/nvim/runtime/syntax/syntax.vim
156.670  000.989: inits 3
159.492  002.822: reading ShaDa
159.643  000.151: opening buffers
159.680  000.037: BufEnter autocommands
159.684  000.004: editing files in windows
160.593  000.237  000.237: require('lazy.util')
160.599  000.509  000.272: require('lazy.view.diff')
161.074  000.237  000.237: require('lazy.view.config')
161.082  000.481  000.244: require('lazy.view.float')
161.835  000.252  000.252: require('lazy.async')
161.845  000.508  000.256: require('lazy.manage.process')
162.073  000.226  000.226: require('lazy.manage.semver')
162.082  000.997  000.262: require('lazy.manage.git')
162.922  000.484  000.484: require('lazy.view.sections')
163.308  000.376  000.376: require('lazy.view.text')
163.320  001.236  000.376: require('lazy.view.render')
163.326  003.606  000.383: require('lazy.view')
164.044  000.190  000.190: sourcing nvim_exec2() called at VimEnter Autocommands for "*":0
164.056  000.005  000.005: sourcing nvim_exec2() called at VimEnter Autocommands for "*":0
170.677  000.119  000.119: sourcing C:\tools\neovim\nvim-win64\share\nvim\runtime\ftplugin\lua.vim
176.160  000.381  000.381: require('vim.treesitter.highlighter')
178.117  007.258  006.877: sourcing C:\tools\neovim\nvim-win64\share\nvim\runtime\ftplugin\lua.lua
179.691  000.119  000.119: sourcing C:\tools\neovim\nvim-win64\share\nvim\runtime\indent\lua.vim
183.820  000.345  000.345: require('vim.treesitter._fold')
194.843  008.146  008.146: sourcing C:\tools\neovim\nvim-win64\share\nvim\runtime\autoload\provider\clipboard.vim
195.070  030.675  014.688: sourcing C:\Users\jodietrich\AppData\Local\nvim-data\sessions\C%3A%5CUsers%5Cjodietrich%5CAppData%5CLocal%5Cnvim.vim
195.095  031.035  000.360: sourcing nvim_exec2() called at VimEnter Autocommands for "*":0
195.412  000.892: VimEnter autocommands
195.641  000.229: UIEnter autocommands
198.069  002.428: before starting main loop
200.000  000.376  000.376: require('vim.hl')
200.644  002.199: first screen update
200.649  000.005: --- NVIM STARTED ---

